<?xml version="1.0" encoding="UTF-8"?>
<testng-results ignored="0" total="3" passed="3" failed="0" skipped="0">
  <reporter-output>
  </reporter-output>
  <suite started-at="2024-04-08T16:46:09 IST" name="Suite" finished-at="2024-04-08T16:46:19 IST" duration-ms="10199">
    <groups>
    </groups>
    <test started-at="2024-04-08T16:46:09 IST" name="Test" finished-at="2024-04-08T16:46:19 IST" duration-ms="10199">
      <class name="com.stc.QAFramework.RunTest">
        <test-method signature="f()[pri:0, instance:com.stc.QAFramework.RunTest@7714e963]" started-at="2024-04-08T16:46:19 IST" name="f" finished-at="2024-04-08T16:46:19 IST" duration-ms="1" status="PASS">
          <reporter-output>
          </reporter-output>
        </test-method> <!-- f -->
      </class> <!-- com.stc.QAFramework.RunTest -->
      <class name="QAClick.QAClickHome">
        <test-method is-config="true" signature="beforeClassTest()[pri:0, instance:QAClick.QAClickHome@1dde4cb2]" started-at="2024-04-08T16:46:15 IST" name="beforeClassTest" finished-at="2024-04-08T16:46:16 IST" duration-ms="1007" status="PASS">
          <reporter-output>
          </reporter-output>
        </test-method> <!-- beforeClassTest -->
        <test-method signature="f()[pri:0, instance:QAClick.QAClickHome@1dde4cb2]" started-at="2024-04-08T16:46:16 IST" name="f" finished-at="2024-04-08T16:46:18 IST" duration-ms="2209" status="PASS">
          <reporter-output>
          </reporter-output>
        </test-method> <!-- f -->
        <test-method is-config="true" signature="afterClassTest()[pri:0, instance:QAClick.QAClickHome@1dde4cb2]" started-at="2024-04-08T16:46:18 IST" name="afterClassTest" finished-at="2024-04-08T16:46:19 IST" duration-ms="359" status="PASS">
          <reporter-output>
          </reporter-output>
        </test-method> <!-- afterClassTest -->
      </class> <!-- QAClick.QAClickHome -->
      <class name="Home.NewTestHome">
        <test-method is-config="true" signature="beforeClassTest()[pri:0, instance:Home.NewTestHome@16ec5519]" started-at="2024-04-08T16:46:09 IST" name="beforeClassTest" finished-at="2024-04-08T16:46:10 IST" duration-ms="1833" status="PASS">
          <reporter-output>
          </reporter-output>
        </test-method> <!-- beforeClassTest -->
        <test-method signature="f()[pri:0, instance:Home.NewTestHome@16ec5519]" started-at="2024-04-08T16:46:10 IST" name="f" finished-at="2024-04-08T16:46:15 IST" duration-ms="4380" status="PASS">
          <reporter-output>
          </reporter-output>
        </test-method> <!-- f -->
        <test-method is-config="true" signature="afterClassTest()[pri:0, instance:Home.NewTestHome@16ec5519]" started-at="2024-04-08T16:46:15 IST" name="afterClassTest" finished-at="2024-04-08T16:46:15 IST" duration-ms="370" status="PASS">
          <reporter-output>
          </reporter-output>
        </test-method> <!-- afterClassTest -->
      </class> <!-- Home.NewTestHome -->
    </test> <!-- Test -->
  </suite> <!-- Suite -->
</testng-results>
